Arguments: 
  D:\Program Files\nodejs\node.exe C:\Users\sdx\AppData\Roaming\npm\node_modules\yarn\bin\yarn.js add -D cross-env

PATH: 
  C:\PROGRA~2\Borland\CBUILD~1\Bin;C:\PROGRA~2\Borland\CBUILD~1\Projects\Bpl;D:\Program Files (x86)\CollabNet;D:\Program Files (x86)\Embarcadero\Studio\15.0\bin;C:\Users\Public\Documents\Embarcadero\Studio\15.0\Bpl;D:\Program Files (x86)\Embarcadero\Studio\15.0\bin64;C:\Users\Public\Documents\Embarcadero\Studio\15.0\Bpl\Win64;D:\Program Files (x86)\Borland\CBuilder6\Bin;D:\Program Files (x86)\Borland\CBuilder6\Projects\Bpl;C:\WINDOWS\system32;C:\WINDOWS;C:\WINDOWS\System32\Wbem;C:\WINDOWS\System32\WindowsPowerShell\v1.0\;C:\WINDOWS\System32\OpenSSH\;C:\Program Files (x86)\Intel\Intel(R) Management Engine Components\DAL;C:\Program Files\Intel\Intel(R) Management Engine Components\DAL;C:\Program Files (x86)\Intel\Intel(R) Management Engine Components\IPT;C:\Program Files\Intel\Intel(R) Management Engine Components\IPT;D:\Program Files\Git\cmd;C:\Program Files\TortoiseSVN\bin;D:\Programs\MinGW\bin;"C:\Program Files (x86)\Borland\CBuilder6\Include;";D:\Program Files\Sublime Text;D:\Program Files\nodejs\;C:\Users\sdx\Desktop\快捷方式;;C:\Program Files\Docker\Docker\resources\bin;C:\Users\sdx\AppData\Local\Microsoft\WindowsApps;C:\Program Files\Bandizip\;D:\Users\sdx\AppData\Local\Programs\Microsoft VS Code\bin;C:\Users\sdx\AppData\Roaming\npm;C:\Users\sdx\Desktop\快捷方式;C:\Users\sdx\Desktop;

Yarn version: 
  1.22.19

Node version: 
  16.17.1

Platform: 
  win32 x64

Trace: 
  Error: EPERM: operation not permitted, unlink 'E:\MyProgramData\VSCode\Practice\vite\exam\node_modules\@esbuild\win32-x64\esbuild.exe'

npm manifest: 
  {
    "name": "exam",
    "version": "0.0.0",
    "main": "electron/main.ts",
    "scripts": {
      "build": "vite build",
      "dev": "vite --open",
      "electron:serve": "electron ."
    },
    "dependencies": {
      "@element-plus/icons-vue": "^2.0.10",
      "@vueuse/core": "^9.9.0",
      "axios": "^1.2.1",
      "bootstrap": "^5.2.3",
      "element-plus": "^2.2.27",
      "font-awesome": "^4.7.0",
      "jquery": "^3.6.3",
      "pinia": "^2.0.28",
      "vite": "^4.0.2",
      "vue": "^3.0.4",
      "vue-router": "^4.1.6",
      "vuex": "^4.1.0"
    },
    "devDependencies": {
      "@types/jquery": "^3.5.16",
      "@vitejs/plugin-vue": "^4.0.0",
      "@vue/compiler-sfc": "^3.0.4",
      "electron": "^22.0.0",
      "electron-builder": "^23.6.0",
      "electron-devtools-installer": "^3.2.0",
      "electron-vite": "^1.0.16",
      "less": "^4.1.3",
      "less-loader": "^11.1.0",
      "nanoid": "^4.0.0",
      "rimraf": "^3.0.2",
      "style-resources-loader": "^1.4.1",
      "unplugin-auto-import": "^0.12.1",
      "unplugin-vue-components": "^0.22.12",
      "vite-plugin-electron": "^0.11.1",
      "vitest": "^0.26.2",
      "vue-cli-plugin-style-resources-loader": "~0.1.5"
    }
  }

yarn manifest: 
  No manifest

Lockfile: 
  No lockfile
